No normalization for SPS. Feature removed!
No normalization for AvgIpc. Feature removed!
Skipped loading modules with pytorch-geometric dependency, missing a dependency. No module named 'torch_geometric'
Skipped loading modules with pytorch-geometric dependency, missing a dependency. cannot import name 'DMPNN' from 'deepchem.models.torch_models' (/home/aih/adam.izdebski/miniconda3/envs/jointformer-experiments/lib/python3.9/site-packages/deepchem/models/torch_models/__init__.py)
Skipped loading modules with pytorch-lightning dependency, missing a dependency. No module named 'lightning'
Skipped loading some Jax models, missing a dependency. No module named 'jax'
Traceback (most recent call last):
  File "/home/aih/adam.izdebski/miniconda3/envs/jointformer-experiments/lib/python3.9/multiprocessing/util.py", line 300, in _run_finalizers
    finalizer()
  File "/home/aih/adam.izdebski/miniconda3/envs/jointformer-experiments/lib/python3.9/multiprocessing/util.py", line 224, in __call__
    res = self._callback(*self._args, **self._kwargs)
  File "/home/aih/adam.izdebski/miniconda3/envs/jointformer-experiments/lib/python3.9/multiprocessing/util.py", line 133, in _remove_temp_dir
    rmtree(tempdir)
  File "/home/aih/adam.izdebski/miniconda3/envs/jointformer-experiments/lib/python3.9/shutil.py", line 740, in rmtree
    onerror(os.rmdir, path, sys.exc_info())
  File "/home/aih/adam.izdebski/miniconda3/envs/jointformer-experiments/lib/python3.9/shutil.py", line 738, in rmtree
    os.rmdir(path)
OSError: [Errno 39] Directory not empty: '/tmp/pymp-ft75bhom'
Traceback (most recent call last):
  File "/home/aih/adam.izdebski/miniconda3/envs/jointformer-experiments/lib/python3.9/multiprocessing/util.py", line 300, in _run_finalizers
    finalizer()
  File "/home/aih/adam.izdebski/miniconda3/envs/jointformer-experiments/lib/python3.9/multiprocessing/util.py", line 224, in __call__
    res = self._callback(*self._args, **self._kwargs)
  File "/home/aih/adam.izdebski/miniconda3/envs/jointformer-experiments/lib/python3.9/multiprocessing/util.py", line 133, in _remove_temp_dir
    rmtree(tempdir)
  File "/home/aih/adam.izdebski/miniconda3/envs/jointformer-experiments/lib/python3.9/shutil.py", line 740, in rmtree
    onerror(os.rmdir, path, sys.exc_info())
  File "/home/aih/adam.izdebski/miniconda3/envs/jointformer-experiments/lib/python3.9/shutil.py", line 738, in rmtree
    os.rmdir(path)
OSError: [Errno 39] Directory not empty: '/tmp/pymp-_jklgatk'
Traceback (most recent call last):
  File "/home/aih/adam.izdebski/miniconda3/envs/jointformer-experiments/lib/python3.9/multiprocessing/util.py", line 300, in _run_finalizers
    finalizer()
  File "/home/aih/adam.izdebski/miniconda3/envs/jointformer-experiments/lib/python3.9/multiprocessing/util.py", line 224, in __call__
    res = self._callback(*self._args, **self._kwargs)
  File "/home/aih/adam.izdebski/miniconda3/envs/jointformer-experiments/lib/python3.9/multiprocessing/util.py", line 133, in _remove_temp_dir
    rmtree(tempdir)
  File "/home/aih/adam.izdebski/miniconda3/envs/jointformer-experiments/lib/python3.9/shutil.py", line 740, in rmtree
    onerror(os.rmdir, path, sys.exc_info())
  File "/home/aih/adam.izdebski/miniconda3/envs/jointformer-experiments/lib/python3.9/shutil.py", line 738, in rmtree
    os.rmdir(path)
OSError: [Errno 39] Directory not empty: '/tmp/pymp-5zpwkpn0'
Traceback (most recent call last):
  File "/home/aih/adam.izdebski/miniconda3/envs/jointformer-experiments/lib/python3.9/multiprocessing/util.py", line 300, in _run_finalizers
    finalizer()
  File "/home/aih/adam.izdebski/miniconda3/envs/jointformer-experiments/lib/python3.9/multiprocessing/util.py", line 224, in __call__
    res = self._callback(*self._args, **self._kwargs)
  File "/home/aih/adam.izdebski/miniconda3/envs/jointformer-experiments/lib/python3.9/multiprocessing/util.py", line 133, in _remove_temp_dir
    rmtree(tempdir)
  File "/home/aih/adam.izdebski/miniconda3/envs/jointformer-experiments/lib/python3.9/shutil.py", line 740, in rmtree
    onerror(os.rmdir, path, sys.exc_info())
  File "/home/aih/adam.izdebski/miniconda3/envs/jointformer-experiments/lib/python3.9/shutil.py", line 738, in rmtree
    os.rmdir(path)
OSError: [Errno 39] Directory not empty: '/tmp/pymp-6_fvwxjt'
No normalization for SPS. Feature removed!
No normalization for AvgIpc. Feature removed!
Skipped loading modules with pytorch-geometric dependency, missing a dependency. No module named 'torch_geometric'
Skipped loading modules with pytorch-geometric dependency, missing a dependency. cannot import name 'DMPNN' from 'deepchem.models.torch_models' (/home/aih/adam.izdebski/miniconda3/envs/jointformer-experiments/lib/python3.9/site-packages/deepchem/models/torch_models/__init__.py)
Skipped loading modules with pytorch-lightning dependency, missing a dependency. No module named 'lightning'
Skipped loading some Jax models, missing a dependency. No module named 'jax'
